{
    "meta": {
        "format": 3,
        "version": "7.13.4",
        "timestamp": "2026-02-23T11:34:11.059961",
        "branch_coverage": false,
        "show_contexts": false
    },
    "files": {
        "src/exportify/analysis/__init__.py": {
            "executed_lines": [
                7,
                10
            ],
            "summary": {
                "covered_lines": 2,
                "num_statements": 2,
                "percent_covered": 100.0,
                "percent_covered_display": "100",
                "missing_lines": 0,
                "excluded_lines": 0,
                "percent_statements_covered": 100.0,
                "percent_statements_covered_display": "100"
            },
            "missing_lines": [],
            "excluded_lines": [],
            "functions": {
                "": {
                    "executed_lines": [
                        7,
                        10
                    ],
                    "summary": {
                        "covered_lines": 2,
                        "num_statements": 2,
                        "percent_covered": 100.0,
                        "percent_covered_display": "100",
                        "missing_lines": 0,
                        "excluded_lines": 0,
                        "percent_statements_covered": 100.0,
                        "percent_statements_covered_display": "100"
                    },
                    "missing_lines": [],
                    "excluded_lines": [],
                    "start_line": 1
                }
            },
            "classes": {
                "": {
                    "executed_lines": [
                        7,
                        10
                    ],
                    "summary": {
                        "covered_lines": 2,
                        "num_statements": 2,
                        "percent_covered": 100.0,
                        "percent_covered_display": "100",
                        "missing_lines": 0,
                        "excluded_lines": 0,
                        "percent_statements_covered": 100.0,
                        "percent_statements_covered_display": "100"
                    },
                    "missing_lines": [],
                    "excluded_lines": [],
                    "start_line": 1
                }
            }
        },
        "src/exportify/analysis/ast_parser.py": {
            "executed_lines": [
                17,
                19,
                20,
                21,
                22,
                23,
                25,
                27,
                28,
                37,
                40,
                43,
                54,
                55,
                58,
                59,
                60,
                63,
                72,
                73,
                74,
                77,
                79,
                87,
                97,
                100,
                103,
                104,
                105,
                106,
                107,
                108,
                109,
                110,
                111,
                112,
                113,
                114,
                115,
                117,
                119,
                121,
                130,
                134,
                135,
                138,
                139,
                141,
                142,
                143,
                146,
                148,
                162,
                164,
                165,
                174,
                176,
                179,
                180,
                181,
                182,
                184,
                193,
                195,
                196,
                197,
                198,
                199,
                208,
                210,
                213,
                214,
                215,
                217,
                218,
                221,
                222,
                225,
                227,
                245,
                248,
                249,
                250,
                253,
                254,
                258,
                260,
                279,
                280,
                281,
                282,
                283,
                285,
                288,
                292,
                294,
                313,
                315,
                317,
                319,
                320,
                321,
                322,
                323,
                324,
                325,
                327,
                328,
                329,
                330,
                331,
                332,
                333,
                334,
                336,
                338,
                350,
                354,
                357,
                360,
                362,
                376,
                389
            ],
            "summary": {
                "covered_lines": 123,
                "num_statements": 125,
                "percent_covered": 98.4,
                "percent_covered_display": "98",
                "missing_lines": 2,
                "excluded_lines": 0,
                "percent_statements_covered": 98.4,
                "percent_statements_covered_display": "98"
            },
            "missing_lines": [
                177,
                351
            ],
            "excluded_lines": [],
            "functions": {
                "ASTParser.__init__": {
                    "executed_lines": [],
                    "summary": {
                        "covered_lines": 0,
                        "num_statements": 0,
                        "percent_covered": 100.0,
                        "percent_covered_display": "100",
                        "missing_lines": 0,
                        "excluded_lines": 0,
                        "percent_statements_covered": 100.0,
                        "percent_statements_covered_display": "100"
                    },
                    "missing_lines": [],
                    "excluded_lines": [],
                    "start_line": 40
                },
                "ASTParser.parse_file": {
                    "executed_lines": [
                        54,
                        55,
                        58,
                        59,
                        60,
                        63,
                        72,
                        73,
                        74,
                        77,
                        79
                    ],
                    "summary": {
                        "covered_lines": 11,
                        "num_statements": 11,
                        "percent_covered": 100.0,
                        "percent_covered_display": "100",
                        "missing_lines": 0,
                        "excluded_lines": 0,
                        "percent_statements_covered": 100.0,
                        "percent_statements_covered_display": "100"
                    },
                    "missing_lines": [],
                    "excluded_lines": [],
                    "start_line": 43
                },
                "ASTParser._extract_symbols": {
                    "executed_lines": [
                        97,
                        100,
                        103,
                        104,
                        105,
                        106,
                        107,
                        108,
                        109,
                        110,
                        111,
                        112,
                        113,
                        114,
                        115,
                        117
                    ],
                    "summary": {
                        "covered_lines": 16,
                        "num_statements": 16,
                        "percent_covered": 100.0,
                        "percent_covered_display": "100",
                        "missing_lines": 0,
                        "excluded_lines": 0,
                        "percent_statements_covered": 100.0,
                        "percent_statements_covered_display": "100"
                    },
                    "missing_lines": [],
                    "excluded_lines": [],
                    "start_line": 87
                },
                "ASTParser._handle_class": {
                    "executed_lines": [
                        121
                    ],
                    "summary": {
                        "covered_lines": 1,
                        "num_statements": 1,
                        "percent_covered": 100.0,
                        "percent_covered_display": "100",
                        "missing_lines": 0,
                        "excluded_lines": 0,
                        "percent_statements_covered": 100.0,
                        "percent_statements_covered_display": "100"
                    },
                    "missing_lines": [],
                    "excluded_lines": [],
                    "start_line": 119
                },
                "ASTParser._handle_function": {
                    "executed_lines": [
                        134,
                        135,
                        138,
                        139,
                        141,
                        142,
                        143,
                        146,
                        148
                    ],
                    "summary": {
                        "covered_lines": 9,
                        "num_statements": 9,
                        "percent_covered": 100.0,
                        "percent_covered_display": "100",
                        "missing_lines": 0,
                        "excluded_lines": 0,
                        "percent_statements_covered": 100.0,
                        "percent_statements_covered_display": "100"
                    },
                    "missing_lines": [],
                    "excluded_lines": [],
                    "start_line": 130
                },
                "ASTParser._handle_type_alias": {
                    "executed_lines": [
                        164,
                        165
                    ],
                    "summary": {
                        "covered_lines": 2,
                        "num_statements": 2,
                        "percent_covered": 100.0,
                        "percent_covered_display": "100",
                        "missing_lines": 0,
                        "excluded_lines": 0,
                        "percent_statements_covered": 100.0,
                        "percent_statements_covered_display": "100"
                    },
                    "missing_lines": [],
                    "excluded_lines": [],
                    "start_line": 162
                },
                "ASTParser._handle_annotated_assign": {
                    "executed_lines": [
                        176,
                        179,
                        180,
                        181,
                        182,
                        184
                    ],
                    "summary": {
                        "covered_lines": 6,
                        "num_statements": 7,
                        "percent_covered": 85.71428571428571,
                        "percent_covered_display": "86",
                        "missing_lines": 1,
                        "excluded_lines": 0,
                        "percent_statements_covered": 85.71428571428571,
                        "percent_statements_covered_display": "86"
                    },
                    "missing_lines": [
                        177
                    ],
                    "excluded_lines": [],
                    "start_line": 174
                },
                "ASTParser._handle_assign": {
                    "executed_lines": [
                        195,
                        196,
                        197,
                        198,
                        199,
                        208
                    ],
                    "summary": {
                        "covered_lines": 6,
                        "num_statements": 6,
                        "percent_covered": 100.0,
                        "percent_covered_display": "100",
                        "missing_lines": 0,
                        "excluded_lines": 0,
                        "percent_statements_covered": 100.0,
                        "percent_statements_covered_display": "100"
                    },
                    "missing_lines": [],
                    "excluded_lines": [],
                    "start_line": 193
                },
                "ASTParser._determine_variable_type": {
                    "executed_lines": [
                        213,
                        214,
                        215,
                        217,
                        218,
                        221,
                        222,
                        225
                    ],
                    "summary": {
                        "covered_lines": 8,
                        "num_statements": 8,
                        "percent_covered": 100.0,
                        "percent_covered_display": "100",
                        "missing_lines": 0,
                        "excluded_lines": 0,
                        "percent_statements_covered": 100.0,
                        "percent_statements_covered_display": "100"
                    },
                    "missing_lines": [],
                    "excluded_lines": [],
                    "start_line": 210
                },
                "ASTParser._extract_import_symbols": {
                    "executed_lines": [
                        245,
                        248,
                        249,
                        250,
                        253,
                        254,
                        258,
                        260,
                        279,
                        280,
                        281,
                        282,
                        283,
                        285,
                        288,
                        292,
                        294,
                        313
                    ],
                    "summary": {
                        "covered_lines": 18,
                        "num_statements": 18,
                        "percent_covered": 100.0,
                        "percent_covered_display": "100",
                        "missing_lines": 0,
                        "excluded_lines": 0,
                        "percent_statements_covered": 100.0,
                        "percent_statements_covered_display": "100"
                    },
                    "missing_lines": [],
                    "excluded_lines": [],
                    "start_line": 227
                },
                "ASTParser._extract_imports": {
                    "executed_lines": [
                        317,
                        319,
                        320,
                        321,
                        322,
                        323,
                        324,
                        325,
                        327,
                        328,
                        329,
                        330,
                        331,
                        332,
                        333,
                        334,
                        336
                    ],
                    "summary": {
                        "covered_lines": 17,
                        "num_statements": 17,
                        "percent_covered": 100.0,
                        "percent_covered_display": "100",
                        "missing_lines": 0,
                        "excluded_lines": 0,
                        "percent_statements_covered": 100.0,
                        "percent_statements_covered_display": "100"
                    },
                    "missing_lines": [],
                    "excluded_lines": [],
                    "start_line": 315
                },
                "ASTParser._is_stdlib_module": {
                    "executed_lines": [
                        350,
                        354,
                        357,
                        360
                    ],
                    "summary": {
                        "covered_lines": 4,
                        "num_statements": 5,
                        "percent_covered": 80.0,
                        "percent_covered_display": "80",
                        "missing_lines": 1,
                        "excluded_lines": 0,
                        "percent_statements_covered": 80.0,
                        "percent_statements_covered_display": "80"
                    },
                    "missing_lines": [
                        351
                    ],
                    "excluded_lines": [],
                    "start_line": 338
                },
                "ASTParser._create_symbol": {
                    "executed_lines": [
                        376
                    ],
                    "summary": {
                        "covered_lines": 1,
                        "num_statements": 1,
                        "percent_covered": 100.0,
                        "percent_covered_display": "100",
                        "missing_lines": 0,
                        "excluded_lines": 0,
                        "percent_statements_covered": 100.0,
                        "percent_statements_covered_display": "100"
                    },
                    "missing_lines": [],
                    "excluded_lines": [],
                    "start_line": 362
                },
                "": {
                    "executed_lines": [
                        17,
                        19,
                        20,
                        21,
                        22,
                        23,
                        25,
                        27,
                        28,
                        37,
                        40,
                        43,
                        87,
                        119,
                        130,
                        162,
                        174,
                        193,
                        210,
                        227,
                        315,
                        338,
                        362,
                        389
                    ],
                    "summary": {
                        "covered_lines": 24,
                        "num_statements": 24,
                        "percent_covered": 100.0,
                        "percent_covered_display": "100",
                        "missing_lines": 0,
                        "excluded_lines": 0,
                        "percent_statements_covered": 100.0,
                        "percent_statements_covered_display": "100"
                    },
                    "missing_lines": [],
                    "excluded_lines": [],
                    "start_line": 1
                }
            },
            "classes": {
                "ASTParser": {
                    "executed_lines": [
                        54,
                        55,
                        58,
                        59,
                        60,
                        63,
                        72,
                        73,
                        74,
                        77,
                        79,
                        97,
                        100,
                        103,
                        104,
                        105,
                        106,
                        107,
                        108,
                        109,
                        110,
                        111,
                        112,
                        113,
                        114,
                        115,
                        117,
                        121,
                        134,
                        135,
                        138,
                        139,
                        141,
                        142,
                        143,
                        146,
                        148,
                        164,
                        165,
                        176,
                        179,
                        180,
                        181,
                        182,
                        184,
                        195,
                        196,
                        197,
                        198,
                        199,
                        208,
                        213,
                        214,
                        215,
                        217,
                        218,
                        221,
                        222,
                        225,
                        245,
                        248,
                        249,
                        250,
                        253,
                        254,
                        258,
                        260,
                        279,
                        280,
                        281,
                        282,
                        283,
                        285,
                        288,
                        292,
                        294,
                        313,
                        317,
                        319,
                        320,
                        321,
                        322,
                        323,
                        324,
                        325,
                        327,
                        328,
                        329,
                        330,
                        331,
                        332,
                        333,
                        334,
                        336,
                        350,
                        354,
                        357,
                        360,
                        376
                    ],
                    "summary": {
                        "covered_lines": 99,
                        "num_statements": 101,
                        "percent_covered": 98.01980198019803,
                        "percent_covered_display": "98",
                        "missing_lines": 2,
                        "excluded_lines": 0,
                        "percent_statements_covered": 98.01980198019803,
                        "percent_statements_covered_display": "98"
                    },
                    "missing_lines": [
                        177,
                        351
                    ],
                    "excluded_lines": [],
                    "start_line": 37
                },
                "": {
                    "executed_lines": [
                        17,
                        19,
                        20,
                        21,
                        22,
                        23,
                        25,
                        27,
                        28,
                        37,
                        40,
                        43,
                        87,
                        119,
                        130,
                        162,
                        174,
                        193,
                        210,
                        227,
                        315,
                        338,
                        362,
                        389
                    ],
                    "summary": {
                        "covered_lines": 24,
                        "num_statements": 24,
                        "percent_covered": 100.0,
                        "percent_covered_display": "100",
                        "missing_lines": 0,
                        "excluded_lines": 0,
                        "percent_statements_covered": 100.0,
                        "percent_statements_covered_display": "100"
                    },
                    "missing_lines": [],
                    "excluded_lines": [],
                    "start_line": 1
                }
            }
        },
        "src/exportify/analysis/ast_parser_overload.py": {
            "executed_lines": [
                9,
                11,
                12,
                15,
                18,
                32,
                34,
                35,
                38,
                39,
                41,
                44,
                67,
                70,
                71,
                72,
                74,
                75,
                85,
                86,
                88,
                89,
                90,
                93,
                96,
                97,
                98,
                99,
                102,
                103,
                104,
                110,
                113
            ],
            "summary": {
                "covered_lines": 33,
                "num_statements": 33,
                "percent_covered": 100.0,
                "percent_covered_display": "100",
                "missing_lines": 0,
                "excluded_lines": 0,
                "percent_statements_covered": 100.0,
                "percent_statements_covered_display": "100"
            },
            "missing_lines": [],
            "excluded_lines": [],
            "functions": {
                "is_overloaded_function": {
                    "executed_lines": [
                        32,
                        34,
                        35,
                        38,
                        39,
                        41
                    ],
                    "summary": {
                        "covered_lines": 6,
                        "num_statements": 6,
                        "percent_covered": 100.0,
                        "percent_covered_display": "100",
                        "missing_lines": 0,
                        "excluded_lines": 0,
                        "percent_statements_covered": 100.0,
                        "percent_statements_covered_display": "100"
                    },
                    "missing_lines": [],
                    "excluded_lines": [],
                    "start_line": 18
                },
                "group_functions_by_name": {
                    "executed_lines": [
                        67,
                        70,
                        71,
                        72,
                        74,
                        75,
                        85,
                        86,
                        88,
                        89,
                        90,
                        93,
                        96,
                        97,
                        98,
                        99,
                        102,
                        103,
                        104,
                        110
                    ],
                    "summary": {
                        "covered_lines": 20,
                        "num_statements": 20,
                        "percent_covered": 100.0,
                        "percent_covered_display": "100",
                        "missing_lines": 0,
                        "excluded_lines": 0,
                        "percent_statements_covered": 100.0,
                        "percent_statements_covered_display": "100"
                    },
                    "missing_lines": [],
                    "excluded_lines": [],
                    "start_line": 44
                },
                "": {
                    "executed_lines": [
                        9,
                        11,
                        12,
                        15,
                        18,
                        44,
                        113
                    ],
                    "summary": {
                        "covered_lines": 7,
                        "num_statements": 7,
                        "percent_covered": 100.0,
                        "percent_covered_display": "100",
                        "missing_lines": 0,
                        "excluded_lines": 0,
                        "percent_statements_covered": 100.0,
                        "percent_statements_covered_display": "100"
                    },
                    "missing_lines": [],
                    "excluded_lines": [],
                    "start_line": 1
                }
            },
            "classes": {
                "": {
                    "executed_lines": [
                        9,
                        11,
                        12,
                        15,
                        18,
                        32,
                        34,
                        35,
                        38,
                        39,
                        41,
                        44,
                        67,
                        70,
                        71,
                        72,
                        74,
                        75,
                        85,
                        86,
                        88,
                        89,
                        90,
                        93,
                        96,
                        97,
                        98,
                        99,
                        102,
                        103,
                        104,
                        110,
                        113
                    ],
                    "summary": {
                        "covered_lines": 33,
                        "num_statements": 33,
                        "percent_covered": 100.0,
                        "percent_covered_display": "100",
                        "missing_lines": 0,
                        "excluded_lines": 0,
                        "percent_statements_covered": 100.0,
                        "percent_statements_covered_display": "100"
                    },
                    "missing_lines": [],
                    "excluded_lines": [],
                    "start_line": 1
                }
            }
        },
        "src/exportify/cli.py": {
            "executed_lines": [
                16,
                18,
                20,
                21,
                23,
                24,
                25,
                27,
                28,
                29,
                30,
                33,
                39,
                44,
                47,
                50,
                52,
                55,
                57,
                60,
                62,
                65,
                67,
                70,
                72,
                73,
                74,
                77,
                78,
                79,
                80,
                81,
                82,
                83,
                84,
                85,
                88,
                95,
                96,
                99,
                102,
                146,
                148,
                151,
                153,
                154,
                156,
                157,
                158,
                161,
                196,
                228,
                235,
                237,
                238,
                239,
                240,
                242,
                243,
                244,
                245,
                248,
                249,
                250,
                253,
                267,
                268,
                269,
                270,
                271,
                272,
                273,
                276,
                283,
                284,
                285,
                286,
                287,
                288,
                289,
                292,
                337,
                384,
                426,
                465,
                467,
                468,
                470,
                471,
                475,
                476,
                479,
                482,
                492,
                493,
                494,
                496,
                497,
                498,
                499,
                500,
                501,
                504,
                505,
                508,
                510,
                511,
                512,
                514,
                515,
                516,
                518,
                520,
                521,
                524,
                561,
                571,
                618,
                619,
                665,
                666,
                667,
                668,
                670,
                677,
                678,
                679,
                681,
                682,
                684,
                687,
                689,
                690,
                693,
                694,
                695,
                698,
                699,
                700,
                703,
                704,
                710,
                712,
                715,
                717,
                718,
                724,
                725,
                729,
                730,
                731,
                732,
                736,
                744,
                745,
                747,
                749,
                751,
                757,
                760,
                762,
                763,
                766,
                767,
                771,
                772,
                773,
                775,
                776,
                777,
                778,
                779,
                781,
                782,
                783,
                786,
                787,
                788,
                790,
                793,
                794,
                797,
                798,
                802,
                803,
                804,
                805,
                808,
                809,
                811,
                812,
                814,
                820,
                823,
                825,
                826,
                829,
                830,
                831,
                832,
                833,
                835,
                836,
                838,
                839,
                842,
                843,
                880,
                881,
                882,
                884,
                888,
                889,
                891,
                892,
                893,
                894,
                896,
                898,
                899,
                902,
                903,
                906,
                907,
                908,
                909,
                910,
                911,
                912,
                913,
                914,
                915,
                916,
                917,
                918,
                919,
                921,
                922,
                923,
                933,
                934,
                937,
                940,
                941,
                942,
                943,
                944,
                947,
                948,
                950,
                952,
                953,
                954,
                955,
                956,
                962,
                963,
                976,
                977,
                979,
                980,
                982,
                983,
                986,
                987,
                1012,
                1016,
                1017,
                1018,
                1020,
                1022,
                1023,
                1026,
                1027,
                1028,
                1030,
                1035,
                1036,
                1037,
                1038,
                1040,
                1043,
                1044,
                1047,
                1048,
                1052,
                1056,
                1059,
                1060,
                1061,
                1064,
                1065,
                1068,
                1070,
                1071,
                1074,
                1077,
                1093,
                1094,
                1119,
                1120,
                1122,
                1123,
                1124,
                1127,
                1128,
                1129,
                1132,
                1135,
                1138,
                1140,
                1143,
                1146,
                1147,
                1148,
                1150,
                1151,
                1154,
                1155,
                1156,
                1159,
                1160,
                1163,
                1168,
                1176,
                1177,
                1178,
                1181,
                1184,
                1185,
                1197,
                1198,
                1199,
                1201,
                1202,
                1207,
                1210,
                1218,
                1222,
                1224,
                1226,
                1229,
                1230,
                1233,
                1234,
                1236,
                1237,
                1238,
                1240,
                1241,
                1244,
                1245,
                1246,
                1247,
                1249,
                1252,
                1254,
                1255,
                1258,
                1261,
                1264,
                1265,
                1266,
                1267,
                1270,
                1271,
                1272,
                1273,
                1275,
                1276,
                1279,
                1281,
                1282,
                1283,
                1285,
                1286,
                1287,
                1291,
                1295,
                1297,
                1336,
                1339,
                1341,
                1343,
                1344,
                1346,
                1347,
                1350,
                1351,
                1352,
                1353,
                1355,
                1363,
                1364,
                1366,
                1367,
                1368,
                1369,
                1371,
                1377,
                1380,
                1382,
                1383,
                1385,
                1386,
                1389,
                1390,
                1391,
                1392,
                1393,
                1397,
                1400,
                1403,
                1405,
                1408,
                1409,
                1410,
                1411,
                1412,
                1413,
                1416,
                1418,
                1419,
                1436,
                1438,
                1439,
                1440,
                1442,
                1443,
                1444,
                1445,
                1449,
                1452,
                1454,
                1457,
                1460,
                1470,
                1471,
                1474,
                1476,
                1477,
                1478,
                1479,
                1480,
                1481,
                1484,
                1485,
                1510,
                1512,
                1513,
                1516,
                1517,
                1518,
                1520,
                1521,
                1522,
                1524,
                1525,
                1527,
                1530,
                1531,
                1532,
                1533,
                1536,
                1539,
                1540,
                1542,
                1545,
                1548,
                1551,
                1554,
                1555,
                1557,
                1566,
                1569,
                1570,
                1626,
                1627,
                1693,
                1694,
                1745,
                1746,
                1772,
                1777,
                1780
            ],
            "summary": {
                "covered_lines": 485,
                "num_statements": 869,
                "percent_covered": 55.81127733026467,
                "percent_covered_display": "56",
                "missing_lines": 384,
                "excluded_lines": 2,
                "percent_statements_covered": 55.81127733026467,
                "percent_statements_covered_display": "56"
            },
            "missing_lines": [
                89,
                90,
                91,
                92,
                98,
                104,
                105,
                106,
                109,
                110,
                111,
                112,
                113,
                114,
                117,
                118,
                119,
                120,
                121,
                122,
                123,
                124,
                125,
                128,
                129,
                130,
                131,
                132,
                133,
                134,
                135,
                136,
                139,
                140,
                142,
                143,
                149,
                152,
                163,
                165,
                193,
                198,
                199,
                200,
                203,
                204,
                205,
                206,
                207,
                208,
                209,
                211,
                212,
                213,
                214,
                215,
                216,
                217,
                219,
                220,
                221,
                222,
                223,
                224,
                225,
                229,
                230,
                231,
                232,
                303,
                304,
                306,
                307,
                309,
                310,
                311,
                312,
                314,
                315,
                317,
                318,
                319,
                322,
                323,
                327,
                328,
                329,
                330,
                332,
                334,
                341,
                343,
                344,
                346,
                347,
                349,
                350,
                351,
                354,
                362,
                363,
                365,
                366,
                368,
                374,
                375,
                377,
                379,
                381,
                394,
                396,
                397,
                399,
                400,
                403,
                404,
                405,
                407,
                408,
                409,
                410,
                411,
                412,
                413,
                414,
                416,
                417,
                418,
                420,
                421,
                423,
                430,
                432,
                433,
                435,
                436,
                438,
                439,
                440,
                443,
                444,
                446,
                447,
                449,
                455,
                456,
                458,
                460,
                462,
                472,
                473,
                477,
                502,
                528,
                530,
                531,
                533,
                534,
                536,
                537,
                538,
                539,
                540,
                541,
                542,
                543,
                550,
                551,
                552,
                558,
                563,
                564,
                565,
                566,
                567,
                568,
                575,
                576,
                578,
                579,
                581,
                584,
                585,
                586,
                587,
                588,
                591,
                592,
                594,
                596,
                597,
                598,
                599,
                600,
                601,
                602,
                606,
                607,
                608,
                609,
                611,
                612,
                613,
                615,
                696,
                711,
                713,
                720,
                721,
                726,
                758,
                768,
                791,
                799,
                821,
                904,
                924,
                925,
                926,
                927,
                928,
                929,
                935,
                957,
                958,
                964,
                966,
                967,
                968,
                969,
                971,
                972,
                973,
                978,
                1013,
                1014,
                1031,
                1032,
                1033,
                1053,
                1054,
                1066,
                1078,
                1080,
                1081,
                1082,
                1083,
                1085,
                1086,
                1087,
                1139,
                1141,
                1169,
                1170,
                1171,
                1172,
                1186,
                1187,
                1191,
                1192,
                1193,
                1195,
                1200,
                1204,
                1205,
                1211,
                1212,
                1213,
                1214,
                1215,
                1288,
                1348,
                1370,
                1373,
                1374,
                1375,
                1387,
                1398,
                1406,
                1421,
                1422,
                1423,
                1425,
                1426,
                1427,
                1428,
                1429,
                1430,
                1431,
                1433,
                1447,
                1455,
                1584,
                1585,
                1586,
                1589,
                1590,
                1592,
                1593,
                1595,
                1596,
                1597,
                1598,
                1599,
                1600,
                1603,
                1604,
                1606,
                1607,
                1609,
                1610,
                1614,
                1617,
                1618,
                1619,
                1621,
                1623,
                1648,
                1650,
                1651,
                1652,
                1653,
                1654,
                1656,
                1657,
                1659,
                1661,
                1662,
                1663,
                1664,
                1665,
                1666,
                1668,
                1669,
                1670,
                1671,
                1673,
                1674,
                1675,
                1676,
                1677,
                1678,
                1679,
                1681,
                1682,
                1684,
                1686,
                1687,
                1688,
                1689,
                1690,
                1707,
                1708,
                1709,
                1712,
                1714,
                1715,
                1717,
                1718,
                1719,
                1720,
                1723,
                1724,
                1726,
                1727,
                1729,
                1731,
                1734,
                1735,
                1736,
                1738,
                1739,
                1740,
                1741,
                1742,
                1760,
                1762,
                1763,
                1765,
                1766,
                1768,
                1769,
                1774,
                1778
            ],
            "excluded_lines": [
                36,
                37
            ],
            "functions": {
                "_print_success": {
                    "executed_lines": [
                        52
                    ],
                    "summary": {
                        "covered_lines": 1,
                        "num_statements": 1,
                        "percent_covered": 100.0,
                        "percent_covered_display": "100",
                        "missing_lines": 0,
                        "excluded_lines": 0,
                        "percent_statements_covered": 100.0,
                        "percent_statements_covered_display": "100"
                    },
                    "missing_lines": [],
                    "excluded_lines": [],
                    "start_line": 50
                },
                "_print_error": {
                    "executed_lines": [
                        57
                    ],
                    "summary": {
                        "covered_lines": 1,
                        "num_statements": 1,
                        "percent_covered": 100.0,
                        "percent_covered_display": "100",
                        "missing_lines": 0,
                        "excluded_lines": 0,
                        "percent_statements_covered": 100.0,
                        "percent_statements_covered_display": "100"
                    },
                    "missing_lines": [],
                    "excluded_lines": [],
                    "start_line": 55
                },
                "_print_warning": {
                    "executed_lines": [
                        62
                    ],
                    "summary": {
                        "covered_lines": 1,
                        "num_statements": 1,
                        "percent_covered": 100.0,
                        "percent_covered_display": "100",
                        "missing_lines": 0,
                        "excluded_lines": 0,
                        "percent_statements_covered": 100.0,
                        "percent_statements_covered_display": "100"
                    },
                    "missing_lines": [],
                    "excluded_lines": [],
                    "start_line": 60
                },
                "_print_info": {
                    "executed_lines": [
                        67
                    ],
                    "summary": {
                        "covered_lines": 1,
                        "num_statements": 1,
                        "percent_covered": 100.0,
                        "percent_covered_display": "100",
                        "missing_lines": 0,
                        "excluded_lines": 0,
                        "percent_statements_covered": 100.0,
                        "percent_statements_covered_display": "100"
                    },
                    "missing_lines": [],
                    "excluded_lines": [],
                    "start_line": 65
                },
                "_print_generation_results": {
                    "executed_lines": [
                        72,
                        73,
                        74,
                        77,
                        78,
                        79,
                        80,
                        81,
                        82,
                        83,
                        84,
                        85,
                        88,
                        95,
                        96,
                        99
                    ],
                    "summary": {
                        "covered_lines": 16,
                        "num_statements": 21,
                        "percent_covered": 76.19047619047619,
                        "percent_covered_display": "76",
                        "missing_lines": 5,
                        "excluded_lines": 0,
                        "percent_statements_covered": 76.19047619047619,
                        "percent_statements_covered_display": "76"
                    },
                    "missing_lines": [
                        89,
                        90,
                        91,
                        92,
                        98
                    ],
                    "excluded_lines": [],
                    "start_line": 70
                },
                "_print_validation_results": {
                    "executed_lines": [],
                    "summary": {
                        "covered_lines": 0,
                        "num_statements": 31,
                        "percent_covered": 0.0,
                        "percent_covered_display": "0",
                        "missing_lines": 31,
                        "excluded_lines": 0,
                        "percent_statements_covered": 0.0,
                        "percent_statements_covered_display": "0"
                    },
                    "missing_lines": [
                        104,
                        105,
                        106,
                        109,
                        110,
                        111,
                        112,
                        113,
                        114,
                        117,
                        118,
                        119,
                        120,
                        121,
                        122,
                        123,
                        124,
                        125,
                        128,
                        129,
                        130,
                        131,
                        132,
                        133,
                        134,
                        135,
                        136,
                        139,
                        140,
                        142,
                        143
                    ],
                    "excluded_lines": [],
                    "start_line": 102
                },
                "_resolve_validation_files": {
                    "executed_lines": [
                        148,
                        151,
                        153,
                        154,
                        156,
                        157,
                        158
                    ],
                    "summary": {
                        "covered_lines": 7,
                        "num_statements": 9,
                        "percent_covered": 77.77777777777777,
                        "percent_covered_display": "78",
                        "missing_lines": 2,
                        "excluded_lines": 0,
                        "percent_statements_covered": 77.77777777777777,
                        "percent_statements_covered_display": "78"
                    },
                    "missing_lines": [
                        149,
                        152
                    ],
                    "excluded_lines": [],
                    "start_line": 146
                },
                "_output_validation_json": {
                    "executed_lines": [],
                    "summary": {
                        "covered_lines": 0,
                        "num_statements": 3,
                        "percent_covered": 0.0,
                        "percent_covered_display": "0",
                        "missing_lines": 3,
                        "excluded_lines": 0,
                        "percent_statements_covered": 0.0,
                        "percent_statements_covered_display": "0"
                    },
                    "missing_lines": [
                        163,
                        165,
                        193
                    ],
                    "excluded_lines": [],
                    "start_line": 161
                },
                "_output_validation_verbose": {
                    "executed_lines": [],
                    "summary": {
                        "covered_lines": 0,
                        "num_statements": 24,
                        "percent_covered": 0.0,
                        "percent_covered_display": "0",
                        "missing_lines": 24,
                        "excluded_lines": 0,
                        "percent_statements_covered": 0.0,
                        "percent_statements_covered_display": "0"
                    },
                    "missing_lines": [
                        198,
                        199,
                        200,
                        203,
                        204,
                        205,
                        206,
                        207,
                        208,
                        209,
                        211,
                        212,
                        213,
                        214,
                        215,
                        216,
                        217,
                        219,
                        220,
                        221,
                        222,
                        223,
                        224,
                        225
                    ],
                    "excluded_lines": [],
                    "start_line": 196
                },
                "_print_error_in_validation": {
                    "executed_lines": [],
                    "summary": {
                        "covered_lines": 0,
                        "num_statements": 4,
                        "percent_covered": 0.0,
                        "percent_covered_display": "0",
                        "missing_lines": 4,
                        "excluded_lines": 0,
                        "percent_statements_covered": 0.0,
                        "percent_statements_covered_display": "0"
                    },
                    "missing_lines": [
                        229,
                        230,
                        231,
                        232
                    ],
                    "excluded_lines": [],
                    "start_line": 228
                },
                "_output_validation_concise": {
                    "executed_lines": [
                        237,
                        238,
                        239,
                        240,
                        242,
                        243,
                        244,
                        245,
                        248,
                        249,
                        250
                    ],
                    "summary": {
                        "covered_lines": 11,
                        "num_statements": 11,
                        "percent_covered": 100.0,
                        "percent_covered_display": "100",
                        "missing_lines": 0,
                        "excluded_lines": 0,
                        "percent_statements_covered": 100.0,
                        "percent_statements_covered_display": "100"
                    },
                    "missing_lines": [],
                    "excluded_lines": [],
                    "start_line": 235
                },
                "_resolve_checks": {
                    "executed_lines": [
                        267,
                        268,
                        269,
                        270,
                        271,
                        272,
                        273
                    ],
                    "summary": {
                        "covered_lines": 7,
                        "num_statements": 7,
                        "percent_covered": 100.0,
                        "percent_covered_display": "100",
                        "missing_lines": 0,
                        "excluded_lines": 0,
                        "percent_statements_covered": 100.0,
                        "percent_statements_covered_display": "100"
                    },
                    "missing_lines": [],
                    "excluded_lines": [],
                    "start_line": 253
                },
                "_resolve_fix_checks": {
                    "executed_lines": [
                        283,
                        284,
                        285,
                        286,
                        287,
                        288,
                        289
                    ],
                    "summary": {
                        "covered_lines": 7,
                        "num_statements": 7,
                        "percent_covered": 100.0,
                        "percent_covered_display": "100",
                        "missing_lines": 0,
                        "excluded_lines": 0,
                        "percent_statements_covered": 100.0,
                        "percent_statements_covered_display": "100"
                    },
                    "missing_lines": [],
                    "excluded_lines": [],
                    "start_line": 276
                },
                "_run_lateimports_check": {
                    "executed_lines": [],
                    "summary": {
                        "covered_lines": 0,
                        "num_statements": 21,
                        "percent_covered": 0.0,
                        "percent_covered_display": "0",
                        "missing_lines": 21,
                        "excluded_lines": 0,
                        "percent_statements_covered": 0.0,
                        "percent_statements_covered_display": "0"
                    },
                    "missing_lines": [
                        303,
                        304,
                        306,
                        307,
                        309,
                        310,
                        311,
                        312,
                        314,
                        315,
                        317,
                        318,
                        319,
                        322,
                        323,
                        327,
                        328,
                        329,
                        330,
                        332,
                        334
                    ],
                    "excluded_lines": [],
                    "start_line": 292
                },
                "_run_dynamic_imports_check": {
                    "executed_lines": [],
                    "summary": {
                        "covered_lines": 0,
                        "num_statements": 19,
                        "percent_covered": 0.0,
                        "percent_covered_display": "0",
                        "missing_lines": 19,
                        "excluded_lines": 0,
                        "percent_statements_covered": 0.0,
                        "percent_statements_covered_display": "0"
                    },
                    "missing_lines": [
                        341,
                        343,
                        344,
                        346,
                        347,
                        349,
                        350,
                        351,
                        354,
                        362,
                        363,
                        365,
                        366,
                        368,
                        374,
                        375,
                        377,
                        379,
                        381
                    ],
                    "excluded_lines": [],
                    "start_line": 337
                },
                "_run_module_all_check": {
                    "executed_lines": [],
                    "summary": {
                        "covered_lines": 0,
                        "num_statements": 22,
                        "percent_covered": 0.0,
                        "percent_covered_display": "0",
                        "missing_lines": 22,
                        "excluded_lines": 0,
                        "percent_statements_covered": 0.0,
                        "percent_statements_covered_display": "0"
                    },
                    "missing_lines": [
                        394,
                        396,
                        397,
                        399,
                        400,
                        403,
                        404,
                        405,
                        407,
                        408,
                        409,
                        410,
                        411,
                        412,
                        413,
                        414,
                        416,
                        417,
                        418,
                        420,
                        421,
                        423
                    ],
                    "excluded_lines": [],
                    "start_line": 384
                },
                "_run_package_all_check": {
                    "executed_lines": [],
                    "summary": {
                        "covered_lines": 0,
                        "num_statements": 18,
                        "percent_covered": 0.0,
                        "percent_covered_display": "0",
                        "missing_lines": 18,
                        "excluded_lines": 0,
                        "percent_statements_covered": 0.0,
                        "percent_statements_covered_display": "0"
                    },
                    "missing_lines": [
                        430,
                        432,
                        433,
                        435,
                        436,
                        438,
                        439,
                        440,
                        443,
                        444,
                        446,
                        447,
                        449,
                        455,
                        456,
                        458,
                        460,
                        462
                    ],
                    "excluded_lines": [],
                    "start_line": 426
                },
                "_load_rules": {
                    "executed_lines": [
                        467,
                        468,
                        470,
                        471,
                        475,
                        476,
                        479
                    ],
                    "summary": {
                        "covered_lines": 7,
                        "num_statements": 10,
                        "percent_covered": 70.0,
                        "percent_covered_display": "70",
                        "missing_lines": 3,
                        "excluded_lines": 0,
                        "percent_statements_covered": 70.0,
                        "percent_statements_covered_display": "70"
                    },
                    "missing_lines": [
                        472,
                        473,
                        477
                    ],
                    "excluded_lines": [],
                    "start_line": 465
                },
                "_collect_py_files": {
                    "executed_lines": [
                        492,
                        493,
                        494,
                        496,
                        497,
                        498,
                        499,
                        500,
                        501,
                        504,
                        505
                    ],
                    "summary": {
                        "covered_lines": 11,
                        "num_statements": 12,
                        "percent_covered": 91.66666666666667,
                        "percent_covered_display": "92",
                        "missing_lines": 1,
                        "excluded_lines": 0,
                        "percent_statements_covered": 91.66666666666667,
                        "percent_statements_covered_display": "92"
                    },
                    "missing_lines": [
                        502
                    ],
                    "excluded_lines": [],
                    "start_line": 482
                },
                "_path_to_module": {
                    "executed_lines": [
                        510,
                        511,
                        512,
                        514,
                        515,
                        516,
                        518,
                        520,
                        521
                    ],
                    "summary": {
                        "covered_lines": 9,
                        "num_statements": 9,
                        "percent_covered": 100.0,
                        "percent_covered_display": "100",
                        "missing_lines": 0,
                        "excluded_lines": 0,
                        "percent_statements_covered": 100.0,
                        "percent_statements_covered_display": "100"
                    },
                    "missing_lines": [],
                    "excluded_lines": [],
                    "start_line": 508
                },
                "_fix_module_all_files": {
                    "executed_lines": [],
                    "summary": {
                        "covered_lines": 0,
                        "num_statements": 17,
                        "percent_covered": 0.0,
                        "percent_covered_display": "0",
                        "missing_lines": 17,
                        "excluded_lines": 0,
                        "percent_statements_covered": 0.0,
                        "percent_statements_covered_display": "0"
                    },
                    "missing_lines": [
                        528,
                        530,
                        531,
                        533,
                        534,
                        536,
                        537,
                        538,
                        539,
                        540,
                        541,
                        542,
                        543,
                        550,
                        551,
                        552,
                        558
                    ],
                    "excluded_lines": [],
                    "start_line": 524
                },
                "_display_all_modifications": {
                    "executed_lines": [],
                    "summary": {
                        "covered_lines": 0,
                        "num_statements": 6,
                        "percent_covered": 0.0,
                        "percent_covered_display": "0",
                        "missing_lines": 6,
                        "excluded_lines": 0,
                        "percent_statements_covered": 0.0,
                        "percent_statements_covered_display": "0"
                    },
                    "missing_lines": [
                        563,
                        564,
                        565,
                        566,
                        567,
                        568
                    ],
                    "excluded_lines": [],
                    "start_line": 561
                },
                "_fix_package_via_pipeline": {
                    "executed_lines": [],
                    "summary": {
                        "covered_lines": 0,
                        "num_statements": 28,
                        "percent_covered": 0.0,
                        "percent_covered_display": "0",
                        "missing_lines": 28,
                        "excluded_lines": 0,
                        "percent_statements_covered": 0.0,
                        "percent_statements_covered_display": "0"
                    },
                    "missing_lines": [
                        575,
                        576,
                        578,
                        579,
                        581,
                        584,
                        585,
                        586,
                        587,
                        588,
                        591,
                        592,
                        594,
                        596,
                        597,
                        598,
                        599,
                        600,
                        601,
                        602,
                        606,
                        607,
                        608,
                        609,
                        611,
                        612,
                        613,
                        615
                    ],
                    "excluded_lines": [],
                    "start_line": 571
                },
                "check": {
                    "executed_lines": [
                        665,
                        666,
                        667,
                        668,
                        670,
                        677,
                        678,
                        679,
                        681,
                        682,
                        684,
                        687,
                        689,
                        690,
                        693,
                        694,
                        695,
                        698,
                        699,
                        700,
                        703,
                        704,
                        710,
                        712,
                        715,
                        717,
                        718,
                        724,
                        725,
                        729,
                        730,
                        731,
                        732,
                        736,
                        744,
                        745,
                        747,
                        749,
                        751,
                        757,
                        760,
                        762,
                        763,
                        766,
                        767,
                        771,
                        772,
                        773,
                        775,
                        776,
                        777,
                        778,
                        779,
                        781,
                        782,
                        783,
                        786,
                        787,
                        788,
                        790,
                        793,
                        794,
                        797,
                        798,
                        802,
                        803,
                        804,
                        805,
                        808,
                        809,
                        811,
                        812,
                        814,
                        820,
                        823,
                        825,
                        826,
                        829,
                        830,
                        831,
                        832,
                        833,
                        835,
                        836,
                        838,
                        839
                    ],
                    "summary": {
                        "covered_lines": 86,
                        "num_statements": 97,
                        "percent_covered": 88.65979381443299,
                        "percent_covered_display": "89",
                        "missing_lines": 11,
                        "excluded_lines": 0,
                        "percent_statements_covered": 88.65979381443299,
                        "percent_statements_covered_display": "89"
                    },
                    "missing_lines": [
                        696,
                        711,
                        713,
                        720,
                        721,
                        726,
                        758,
                        768,
                        791,
                        799,
                        821
                    ],
                    "excluded_lines": [],
                    "start_line": 619
                },
                "fix": {
                    "executed_lines": [
                        880,
                        881,
                        882,
                        884,
                        888,
                        889,
                        891,
                        892,
                        893,
                        894,
                        896,
                        898,
                        899,
                        902,
                        903,
                        906,
                        907,
                        908,
                        909,
                        910,
                        911,
                        912,
                        913,
                        914,
                        915,
                        916,
                        917,
                        918,
                        919,
                        921,
                        922,
                        923,
                        933,
                        934,
                        937,
                        940,
                        941,
                        942,
                        943,
                        944,
                        947,
                        948,
                        950,
                        952,
                        953,
                        954,
                        955,
                        956,
                        962,
                        963,
                        976,
                        977,
                        979,
                        980,
                        982,
                        983
                    ],
                    "summary": {
                        "covered_lines": 56,
                        "num_statements": 75,
                        "percent_covered": 74.66666666666667,
                        "percent_covered_display": "75",
                        "missing_lines": 19,
                        "excluded_lines": 0,
[...]
                        166,
                        167,
                        172,
                        173,
                        174
                    ],
                    "summary": {
                        "covered_lines": 6,
                        "num_statements": 6,
                        "percent_covered": 100.0,
                        "percent_covered_display": "100",
                        "missing_lines": 0,
                        "excluded_lines": 0,
                        "percent_statements_covered": 100.0,
                        "percent_statements_covered_display": "100"
                    },
                    "missing_lines": [],
                    "excluded_lines": [],
                    "start_line": 162
                },
                "LateImportValidator._collect_lateimport_calls_from_value": {
                    "executed_lines": [
                        179,
                        180,
                        181,
                        182,
                        183,
                        184
                    ],
                    "summary": {
                        "covered_lines": 6,
                        "num_statements": 6,
                        "percent_covered": 100.0,
                        "percent_covered_display": "100",
                        "missing_lines": 0,
                        "excluded_lines": 0,
                        "percent_statements_covered": 100.0,
                        "percent_statements_covered_display": "100"
                    },
                    "missing_lines": [],
                    "excluded_lines": [],
                    "start_line": 176
                },
                "LateImportValidator._finalize_warnings": {
                    "executed_lines": [
                        195,
                        197,
                        198,
                        207,
                        208,
                        217
                    ],
                    "summary": {
                        "covered_lines": 6,
                        "num_statements": 6,
                        "percent_covered": 100.0,
                        "percent_covered_display": "100",
                        "missing_lines": 0,
                        "excluded_lines": 0,
                        "percent_statements_covered": 100.0,
                        "percent_statements_covered_display": "100"
                    },
                    "missing_lines": [],
                    "excluded_lines": [],
                    "start_line": 186
                },
                "LateImportValidator.validate_files": {
                    "executed_lines": [
                        228,
                        229,
                        230,
                        231,
                        232
                    ],
                    "summary": {
                        "covered_lines": 5,
                        "num_statements": 5,
                        "percent_covered": 100.0,
                        "percent_covered_display": "100",
                        "missing_lines": 0,
                        "excluded_lines": 0,
                        "percent_statements_covered": 100.0,
                        "percent_statements_covered_display": "100"
                    },
                    "missing_lines": [],
                    "excluded_lines": [],
                    "start_line": 219
                },
                "LateImportValidator.validate": {
                    "executed_lines": [
                        246,
                        248,
                        250,
                        253,
                        258,
                        259,
                        260,
                        262,
                        263,
                        266,
                        267,
                        269,
                        270,
                        273,
                        274,
                        275,
                        278,
                        279,
                        281,
                        282,
                        283,
                        286,
                        307,
                        308,
                        310
                    ],
                    "summary": {
                        "covered_lines": 25,
                        "num_statements": 29,
                        "percent_covered": 86.20689655172414,
                        "percent_covered_display": "86",
                        "missing_lines": 4,
                        "excluded_lines": 0,
                        "percent_statements_covered": 86.20689655172414,
                        "percent_statements_covered_display": "86"
                    },
                    "missing_lines": [
                        255,
                        287,
                        288,
                        298
                    ],
                    "excluded_lines": [],
                    "start_line": 234
                },
                "LateImportValidator._is_lateimport_call": {
                    "executed_lines": [
                        331,
                        332,
                        333
                    ],
                    "summary": {
                        "covered_lines": 3,
                        "num_statements": 3,
                        "percent_covered": 100.0,
                        "percent_covered_display": "100",
                        "missing_lines": 0,
                        "excluded_lines": 0,
                        "percent_statements_covered": 100.0,
                        "percent_statements_covered_display": "100"
                    },
                    "missing_lines": [],
                    "excluded_lines": [],
                    "start_line": 322
                },
                "LateImportValidator._validate_lateimport_call": {
                    "executed_lines": [
                        347,
                        350,
                        351,
                        360,
                        363,
                        364,
                        366,
                        367,
                        376,
                        378,
                        391,
                        392,
                        394,
                        396,
                        397,
                        407
                    ],
                    "summary": {
                        "covered_lines": 16,
                        "num_statements": 18,
                        "percent_covered": 88.88888888888889,
                        "percent_covered_display": "89",
                        "missing_lines": 2,
                        "excluded_lines": 0,
                        "percent_statements_covered": 88.88888888888889,
                        "percent_statements_covered_display": "89"
                    },
                    "missing_lines": [
                        379,
                        388
                    ],
                    "excluded_lines": [],
                    "start_line": 335
                },
                "LateImportValidator._validate_type_checking_block": {
                    "executed_lines": [
                        421,
                        424,
                        434
                    ],
                    "summary": {
                        "covered_lines": 3,
                        "num_statements": 3,
                        "percent_covered": 100.0,
                        "percent_covered_display": "100",
                        "missing_lines": 0,
                        "excluded_lines": 0,
                        "percent_statements_covered": 100.0,
                        "percent_statements_covered_display": "100"
                    },
                    "missing_lines": [],
                    "excluded_lines": [],
                    "start_line": 409
                },
                "LateImportValidator._validate_all_declaration": {
                    "executed_lines": [
                        448,
                        450,
                        451,
                        454,
                        455,
                        461,
                        462,
                        463,
                        466,
                        467,
                        468,
                        469,
                        470,
                        471,
                        472,
                        473,
                        476,
                        487
                    ],
                    "summary": {
                        "covered_lines": 18,
                        "num_statements": 18,
                        "percent_covered": 100.0,
                        "percent_covered_display": "100",
                        "missing_lines": 0,
                        "excluded_lines": 0,
                        "percent_statements_covered": 100.0,
                        "percent_statements_covered_display": "100"
                    },
                    "missing_lines": [],
                    "excluded_lines": [],
                    "start_line": 436
                },
                "LateImportValidator._is_type_checking_guard": {
                    "executed_lines": [
                        498
                    ],
                    "summary": {
                        "covered_lines": 1,
                        "num_statements": 1,
                        "percent_covered": 100.0,
                        "percent_covered_display": "100",
                        "missing_lines": 0,
                        "excluded_lines": 0,
                        "percent_statements_covered": 100.0,
                        "percent_statements_covered_display": "100"
                    },
                    "missing_lines": [],
                    "excluded_lines": [],
                    "start_line": 489
                },
                "LateImportValidator._is_type_checking_block": {
                    "executed_lines": [
                        514
                    ],
                    "summary": {
                        "covered_lines": 1,
                        "num_statements": 1,
                        "percent_covered": 100.0,
                        "percent_covered_display": "100",
                        "missing_lines": 0,
                        "excluded_lines": 0,
                        "percent_statements_covered": 100.0,
                        "percent_statements_covered_display": "100"
                    },
                    "missing_lines": [],
                    "excluded_lines": [],
                    "start_line": 500
                },
                "LateImportValidator._has_exports": {
                    "executed_lines": [
                        525
                    ],
                    "summary": {
                        "covered_lines": 1,
                        "num_statements": 1,
                        "percent_covered": 100.0,
                        "percent_covered_display": "100",
                        "missing_lines": 0,
                        "excluded_lines": 0,
                        "percent_statements_covered": 100.0,
                        "percent_statements_covered_display": "100"
                    },
                    "missing_lines": [],
                    "excluded_lines": [],
                    "start_line": 516
                },
                "": {
                    "executed_lines": [
                        10,
                        12,
                        13,
                        15,
                        16,
                        18,
                        24,
                        25,
                        28,
                        39,
                        55,
                        104,
                        118,
                        154,
                        162,
                        176,
                        186,
                        219,
                        234,
                        322,
                        335,
                        409,
                        436,
                        489,
                        500,
                        516,
                        531
                    ],
                    "summary": {
                        "covered_lines": 27,
                        "num_statements": 27,
                        "percent_covered": 100.0,
                        "percent_covered_display": "100",
                        "missing_lines": 0,
                        "excluded_lines": 2,
                        "percent_statements_covered": 100.0,
                        "percent_statements_covered_display": "100"
                    },
                    "missing_lines": [],
                    "excluded_lines": [
                        21,
                        22
                    ],
                    "start_line": 1
                }
            },
            "classes": {
                "LateImportValidator": {
                    "executed_lines": [
                        50,
                        51,
                        52,
                        53,
                        64,
                        65,
                        66,
                        67,
                        68,
                        88,
                        89,
                        90,
                        93,
                        102,
                        108,
                        109,
                        110,
                        111,
                        112,
                        113,
                        114,
                        115,
                        116,
                        122,
                        123,
                        124,
                        126,
                        129,
                        130,
                        131,
                        133,
                        134,
                        143,
                        144,
                        146,
                        147,
                        148,
                        150,
                        152,
                        156,
                        157,
                        158,
                        159,
                        160,
                        165,
                        166,
                        167,
                        172,
                        173,
                        174,
                        179,
                        180,
                        181,
                        182,
                        183,
                        184,
                        195,
                        197,
                        198,
                        207,
                        208,
                        217,
                        228,
                        229,
                        230,
                        231,
                        232,
                        246,
                        248,
                        250,
                        253,
                        258,
                        259,
                        260,
                        262,
                        263,
                        266,
                        267,
                        269,
                        270,
                        273,
                        274,
                        275,
                        278,
                        279,
                        281,
                        282,
                        283,
                        286,
                        307,
                        308,
                        310,
                        331,
                        332,
                        333,
                        347,
                        350,
                        351,
                        360,
                        363,
                        364,
                        366,
                        367,
                        376,
                        378,
                        391,
                        392,
                        394,
                        396,
                        397,
                        407,
                        421,
                        424,
                        434,
                        448,
                        450,
                        451,
                        454,
                        455,
                        461,
                        462,
                        463,
                        466,
                        467,
                        468,
                        469,
                        470,
                        471,
                        472,
                        473,
                        476,
                        487,
                        498,
                        514,
                        525
                    ],
                    "summary": {
                        "covered_lines": 135,
                        "num_statements": 144,
                        "percent_covered": 93.75,
                        "percent_covered_display": "94",
                        "missing_lines": 9,
                        "excluded_lines": 0,
                        "percent_statements_covered": 93.75,
                        "percent_statements_covered_display": "94"
                    },
                    "missing_lines": [
                        77,
                        78,
                        127,
                        255,
                        287,
                        288,
                        298,
                        379,
                        388
                    ],
                    "excluded_lines": [],
                    "start_line": 28
                },
                "": {
                    "executed_lines": [
                        10,
                        12,
                        13,
                        15,
                        16,
                        18,
                        24,
                        25,
                        28,
                        39,
                        55,
                        104,
                        118,
                        154,
                        162,
                        176,
                        186,
                        219,
                        234,
                        322,
                        335,
                        409,
                        436,
                        489,
                        500,
                        516,
                        531
                    ],
                    "summary": {
                        "covered_lines": 27,
                        "num_statements": 27,
                        "percent_covered": 100.0,
                        "percent_covered_display": "100",
                        "missing_lines": 0,
                        "excluded_lines": 2,
                        "percent_statements_covered": 100.0,
                        "percent_statements_covered_display": "100"
                    },
                    "missing_lines": [],
                    "excluded_lines": [
                        21,
                        22
                    ],
                    "start_line": 1
                }
            }
        }
    },
    "totals": {
        "covered_lines": 2501,
        "num_statements": 3127,
        "percent_covered": 79.98081228014071,
        "percent_covered_display": "80",
        "missing_lines": 626,
        "excluded_lines": 24,
        "percent_statements_covered": 79.98081228014071,
        "percent_statements_covered_display": "80"
    }
}